<?xml version="1.0" encoding="UTF-8" ?>
<testsuite failures="0" time="0.313" errors="0" skipped="0" tests="2" name="org.arQam.AnnonceEfficace.example.LoginTest">
  <properties>
    <property name="java.runtime.name" value="Java(TM) SE Runtime Environment"/>
    <property name="sun.boot.library.path" value="C:\Program Files (x86)\Java\jdk1.6.0_31\jre\bin"/>
    <property name="java.vm.version" value="20.6-b01"/>
    <property name="java.vm.vendor" value="Sun Microsystems Inc."/>
    <property name="java.vendor.url" value="http://java.sun.com/"/>
    <property name="path.separator" value=";"/>
    <property name="guice.disable.misplaced.annotation.check" value="true"/>
    <property name="java.vm.name" value="Java HotSpot(TM) Client VM"/>
    <property name="file.encoding.pkg" value="sun.io"/>
    <property name="user.country" value="FR"/>
    <property name="sun.java.launcher" value="SUN_STANDARD"/>
    <property name="sun.os.patch.level" value=""/>
    <property name="java.vm.specification.name" value="Java Virtual Machine Specification"/>
    <property name="user.dir" value="C:\Users\Saladin\WORKSPACESRepository\workspace_j2ee\AnnonceEfficace"/>
    <property name="java.runtime.version" value="1.6.0_31-b05"/>
    <property name="java.awt.graphicsenv" value="sun.awt.Win32GraphicsEnvironment"/>
    <property name="java.endorsed.dirs" value="C:\Program Files (x86)\Java\jdk1.6.0_31\jre\lib\endorsed"/>
    <property name="os.arch" value="x86"/>
    <property name="java.io.tmpdir" value="C:\Users\Saladin\AppData\Local\Temp\"/>
    <property name="line.separator" value="
"/>
    <property name="java.vm.specification.vendor" value="Sun Microsystems Inc."/>
    <property name="user.variant" value=""/>
    <property name="os.name" value="Windows 7"/>
    <property name="classworlds.conf" value="C:\Users\Saladin\WORKSPACESRepository\workspace_j2ee\.metadata\.plugins\org.eclipse.m2e.core\launches\m2conf102051469469564739.tmp"/>
    <property name="sun.jnu.encoding" value="Cp1256"/>
    <property name="java.library.path" value="C:\Program Files (x86)\Java\jdk1.6.0_31\bin;C:\Windows\Sun\Java\bin;C:\Windows\system32;C:\Windows;C:/Program Files (x86)/Java/jre7/bin/client;C:/Program Files (x86)/Java/jre7/bin;C:/Program Files (x86)/Java/jre7/lib/i386;c:\oraclexe\product\11.2.0\dbhome_1\bin;C:\Program Files (x86)\Common Files\Intel\Shared Files\cpp\bin\Intel64;C:\Program Files (x86)\Common Files\Intel\Shared Files\cpp\bin\ia32;C:\Program Files\Gimp-2.7.3\bin;C:\Program Files\Common Files\Microsoft Shared\Windows Live;C:\Windows\system32;C:\Windows;C:\Windows\System32\Wbem;C:\Windows\System32\WindowsPowerShell\v1.0\;C:\Program Files\Microsoft Windows Performance Toolkit\;C:\Program Files (x86)\Android\android-sdk\tools;C:\Program Files (x86)\Common Files\Easysoft\Shared\;C:\Program Files (x86)\MySQL\MySQL Server 5.5\bin;C:\Program Files (x86)\GtkSharp\2.12\bin;C:\Program Files\CodeBlocks\MinGW\bin;C:\QtSDK\Desktop\Qt\4.8.0\mingw\bin;C:\Program Files\TortoiseSVN\bin;E:\Projet\Outils\Wampee-2.1\bin\php\php5.3.5;C:\Program Files (x86)\IVI Foundation\VISA\WinNT\Bin;C:\oraclexe\product\11.2.0\dbhome_1\BIN;C:\Program Files (x86)\QuickTime\QTSystem\;C:\Program Files (x86)\Aqsis\bin;C:\Program Files (x86)\eclipse-jee-juno;;."/>
    <property name="java.specification.name" value="Java Platform API Specification"/>
    <property name="java.class.version" value="50.0"/>
    <property name="sun.management.compiler" value="HotSpot Client Compiler"/>
    <property name="os.version" value="6.1"/>
    <property name="user.home" value="C:\Users\Saladin"/>
    <property name="user.timezone" value="Africa/Casablanca"/>
    <property name="java.awt.printerjob" value="sun.awt.windows.WPrinterJob"/>
    <property name="file.encoding" value="Cp1256"/>
    <property name="java.specification.version" value="1.6"/>
    <property name="user.name" value="Saladin"/>
    <property name="java.class.path" value="/C:/Program Files (x86)/eclipse-jee-juno/configuration/org.eclipse.osgi/bundles/810/1/.cp/jars/plexus-classworlds-2.4.jar"/>
    <property name="java.vm.specification.version" value="1.0"/>
    <property name="sun.arch.data.model" value="32"/>
    <property name="java.home" value="C:\Program Files (x86)\Java\jdk1.6.0_31\jre"/>
    <property name="sun.java.command" value="org.codehaus.plexus.classworlds.launcher.Launcher -B -s C:\Users\Saladin\.m2\settings.xml install"/>
    <property name="java.specification.vendor" value="Sun Microsystems Inc."/>
    <property name="user.language" value="fr"/>
    <property name="awt.toolkit" value="sun.awt.windows.WToolkit"/>
    <property name="java.vm.info" value="mixed mode, sharing"/>
    <property name="java.version" value="1.6.0_31"/>
    <property name="java.ext.dirs" value="C:\Program Files (x86)\Java\jdk1.6.0_31\jre\lib\ext;C:\Windows\Sun\Java\lib\ext"/>
    <property name="sun.boot.class.path" value="C:\Program Files (x86)\Java\jdk1.6.0_31\jre\lib\resources.jar;C:\Program Files (x86)\Java\jdk1.6.0_31\jre\lib\rt.jar;C:\Program Files (x86)\Java\jdk1.6.0_31\jre\lib\sunrsasign.jar;C:\Program Files (x86)\Java\jdk1.6.0_31\jre\lib\jsse.jar;C:\Program Files (x86)\Java\jdk1.6.0_31\jre\lib\jce.jar;C:\Program Files (x86)\Java\jdk1.6.0_31\jre\lib\charsets.jar;C:\Program Files (x86)\Java\jdk1.6.0_31\jre\lib\modules\jdk.boot.jar;C:\Program Files (x86)\Java\jdk1.6.0_31\jre\classes"/>
    <property name="java.vendor" value="Sun Microsystems Inc."/>
    <property name="maven.home" value="C:\Users\Saladin\WORKSPACESRepository\workspace_j2ee\AnnonceEfficace\EMBEDDED"/>
    <property name="file.separator" value="\"/>
    <property name="java.vendor.url.bug" value="http://java.sun.com/cgi-bin/bugreport.cgi"/>
    <property name="sun.cpu.endian" value="little"/>
    <property name="sun.io.unicode.encoding" value="UnicodeLittle"/>
    <property name="sun.desktop" value="windows"/>
    <property name="sun.cpu.isalist" value="pentium_pro+mmx pentium_pro pentium+mmx pentium i486 i386 i86"/>
  </properties>
  <testcase time="0.17" classname="org.arQam.AnnonceEfficace.example.LoginTest" name="testLoginSubmit"/>
  <testcase time="0.142" classname="org.arQam.AnnonceEfficace.example.LoginTest" name="testConfig"/>
</testsuite>